<?xml version="1.0" encoding="UTF-8"?>
<coverage generated="1662506036190" clover="3.2.0">
  <project timestamp="1662506036190" name="All files">
    <metrics statements="145" coveredstatements="95" conditionals="40" coveredconditionals="23" methods="41" coveredmethods="24" elements="226" coveredelements="142" complexity="0" loc="145" ncloc="145" packages="3" files="9" classes="9"/>
    <package name="components">
      <metrics statements="4" coveredstatements="3" conditionals="2" coveredconditionals="1" methods="1" coveredmethods="1"/>
      <file name="ProductInfo.jsx" path="/Users/melissagilv/Desktop/SEGA-Project-Atelier/src/components/ProductInfo.jsx">
        <metrics statements="4" coveredstatements="3" conditionals="2" coveredconditionals="1" methods="1" coveredmethods="1"/>
        <line num="3" count="1" type="stmt"/>
        <line num="4" count="1" type="cond" truecount="1" falsecount="1"/>
        <line num="5" count="0" type="stmt"/>
        <line num="15" count="1" type="stmt"/>
      </file>
    </package>
    <package name="components.RatingsReviews">
      <metrics statements="139" coveredstatements="90" conditionals="38" coveredconditionals="22" methods="40" coveredmethods="23"/>
      <file name="AddReview.jsx" path="/Users/melissagilv/Desktop/SEGA-Project-Atelier/src/components/RatingsReviews/AddReview.jsx">
        <metrics statements="79" coveredstatements="48" conditionals="28" coveredconditionals="17" methods="14" coveredmethods="8"/>
        <line num="7" count="2" type="stmt"/>
        <line num="9" count="2" type="stmt"/>
        <line num="11" count="2" type="stmt"/>
        <line num="23" count="2" type="stmt"/>
        <line num="32" count="2" type="stmt"/>
        <line num="34" count="2" type="stmt"/>
        <line num="40" count="2" type="stmt"/>
        <line num="41" count="2" type="stmt"/>
        <line num="42" count="2" type="stmt"/>
        <line num="43" count="2" type="stmt"/>
        <line num="44" count="2" type="stmt"/>
        <line num="45" count="2" type="stmt"/>
        <line num="49" count="47" type="cond" truecount="2" falsecount="0"/>
        <line num="50" count="1" type="stmt"/>
        <line num="56" count="1" type="cond" truecount="1" falsecount="1"/>
        <line num="57" count="0" type="stmt"/>
        <line num="59" count="1" type="stmt"/>
        <line num="61" count="1" type="stmt"/>
        <line num="62" count="1" type="stmt"/>
        <line num="66" count="46" type="cond" truecount="1" falsecount="1"/>
        <line num="67" count="46" type="stmt"/>
        <line num="68" count="46" type="stmt"/>
        <line num="70" count="0" type="stmt"/>
        <line num="72" count="46" type="stmt"/>
        <line num="77" count="105" type="stmt"/>
        <line num="78" count="105" type="stmt"/>
        <line num="79" count="105" type="cond" truecount="2" falsecount="0"/>
        <line num="80" count="1" type="stmt"/>
        <line num="81" count="1" type="stmt"/>
        <line num="82" count="104" type="cond" truecount="2" falsecount="0"/>
        <line num="83" count="44" type="stmt"/>
        <line num="84" count="44" type="stmt"/>
        <line num="85" count="60" type="cond" truecount="1" falsecount="1"/>
        <line num="86" count="0" type="stmt"/>
        <line num="87" count="0" type="stmt"/>
        <line num="88" count="0" type="stmt"/>
        <line num="90" count="60" type="stmt"/>
        <line num="95" count="0" type="stmt"/>
        <line num="96" count="0" type="cond" truecount="0" falsecount="2"/>
        <line num="97" count="0" type="stmt"/>
        <line num="98" count="0" type="stmt"/>
        <line num="99" count="0" type="stmt"/>
        <line num="100" count="0" type="stmt"/>
        <line num="102" count="0" type="stmt"/>
        <line num="104" count="0" type="stmt"/>
        <line num="109" count="46" type="stmt"/>
        <line num="110" count="46" type="cond" truecount="1" falsecount="1"/>
        <line num="111" count="46" type="stmt"/>
        <line num="112" count="184" type="stmt"/>
        <line num="113" count="184" type="stmt"/>
        <line num="114" count="920" type="stmt"/>
        <line num="122" count="46" type="stmt"/>
        <line num="127" count="0" type="stmt"/>
        <line num="128" count="0" type="stmt"/>
        <line num="129" count="0" type="stmt"/>
        <line num="130" count="0" type="stmt"/>
        <line num="132" count="0" type="stmt"/>
        <line num="133" count="0" type="cond" truecount="0" falsecount="2"/>
        <line num="134" count="0" type="stmt"/>
        <line num="135" count="0" type="stmt"/>
        <line num="137" count="0" type="cond" truecount="0" falsecount="2"/>
        <line num="138" count="0" type="stmt"/>
        <line num="141" count="0" type="stmt"/>
        <line num="142" count="0" type="stmt"/>
        <line num="143" count="0" type="stmt"/>
        <line num="145" count="0" type="stmt"/>
        <line num="154" count="0" type="stmt"/>
        <line num="155" count="0" type="stmt"/>
        <line num="160" count="49" type="cond" truecount="2" falsecount="0"/>
        <line num="161" count="45" type="stmt"/>
        <line num="162" count="45" type="stmt"/>
        <line num="166" count="49" type="cond" truecount="1" falsecount="1"/>
        <line num="167" count="49" type="stmt"/>
        <line num="169" count="0" type="stmt"/>
        <line num="172" count="49" type="cond" truecount="2" falsecount="0"/>
        <line num="173" count="3" type="stmt"/>
        <line num="175" count="46" type="stmt"/>
        <line num="188" count="230" type="stmt"/>
        <line num="220" count="0" type="stmt"/>
      </file>
      <file name="Characteristic.jsx" path="/Users/melissagilv/Desktop/SEGA-Project-Atelier/src/components/RatingsReviews/Characteristic.jsx">
        <metrics statements="4" coveredstatements="4" conditionals="0" coveredconditionals="0" methods="2" coveredmethods="2"/>
        <line num="5" count="16" type="stmt"/>
        <line num="14" count="16" type="stmt"/>
        <line num="16" count="16" type="stmt"/>
        <line num="26" count="40" type="stmt"/>
      </file>
      <file name="ProductBreakdown.jsx" path="/Users/melissagilv/Desktop/SEGA-Project-Atelier/src/components/RatingsReviews/ProductBreakdown.jsx">
        <metrics statements="4" coveredstatements="4" conditionals="2" coveredconditionals="1" methods="3" coveredmethods="3"/>
        <line num="7" count="4" type="cond" truecount="1" falsecount="1"/>
        <line num="8" count="4" type="stmt"/>
        <line num="9" count="16" type="stmt"/>
        <line num="14" count="4" type="stmt"/>
      </file>
      <file name="RatingBreakdown.jsx" path="/Users/melissagilv/Desktop/SEGA-Project-Atelier/src/components/RatingsReviews/RatingBreakdown.jsx">
        <metrics statements="24" coveredstatements="24" conditionals="2" coveredconditionals="2" methods="5" coveredmethods="5"/>
        <line num="7" count="4" type="stmt"/>
        <line num="8" count="4" type="stmt"/>
        <line num="9" count="4" type="stmt"/>
        <line num="10" count="18" type="stmt"/>
        <line num="11" count="18" type="stmt"/>
        <line num="13" count="4" type="stmt"/>
        <line num="17" count="4" type="stmt"/>
        <line num="18" count="4" type="stmt"/>
        <line num="19" count="4" type="stmt"/>
        <line num="20" count="7" type="cond" truecount="2" falsecount="0"/>
        <line num="21" count="4" type="stmt"/>
        <line num="22" count="4" type="stmt"/>
        <line num="24" count="3" type="stmt"/>
        <line num="27" count="4" type="stmt"/>
        <line num="31" count="4" type="stmt"/>
        <line num="32" count="4" type="stmt"/>
        <line num="33" count="4" type="stmt"/>
        <line num="42" count="4" type="stmt"/>
        <line num="43" count="18" type="stmt"/>
        <line num="44" count="18" type="stmt"/>
        <line num="46" count="4" type="stmt"/>
        <line num="47" count="20" type="stmt"/>
        <line num="51" count="4" type="stmt"/>
        <line num="60" count="20" type="stmt"/>
      </file>
      <file name="RatingsReviews.jsx" path="/Users/melissagilv/Desktop/SEGA-Project-Atelier/src/components/RatingsReviews/RatingsReviews.jsx">
        <metrics statements="18" coveredstatements="9" conditionals="2" coveredconditionals="2" methods="9" coveredmethods="4"/>
        <line num="8" count="2" type="stmt"/>
        <line num="12" count="2" type="stmt"/>
        <line num="13" count="2" type="stmt"/>
        <line num="18" count="2" type="stmt"/>
        <line num="19" count="2" type="stmt"/>
        <line num="23" count="2" type="cond" truecount="2" falsecount="0"/>
        <line num="24" count="1" type="stmt"/>
        <line num="33" count="0" type="stmt"/>
        <line num="34" count="0" type="stmt"/>
        <line num="37" count="0" type="stmt"/>
        <line num="42" count="0" type="stmt"/>
        <line num="43" count="0" type="stmt"/>
        <line num="44" count="0" type="stmt"/>
        <line num="45" count="0" type="stmt"/>
        <line num="53" count="0" type="stmt"/>
        <line num="56" count="0" type="stmt"/>
        <line num="60" count="1" type="stmt"/>
        <line num="64" count="4" type="stmt"/>
      </file>
      <file name="ReviewTile.jsx" path="/Users/melissagilv/Desktop/SEGA-Project-Atelier/src/components/RatingsReviews/ReviewTile.jsx">
        <metrics statements="8" coveredstatements="0" conditionals="4" coveredconditionals="0" methods="5" coveredmethods="0"/>
        <line num="6" count="0" type="cond" truecount="0" falsecount="2"/>
        <line num="7" count="0" type="stmt"/>
        <line num="12" count="0" type="cond" truecount="0" falsecount="2"/>
        <line num="13" count="0" type="stmt"/>
        <line num="23" count="0" type="stmt"/>
        <line num="24" count="0" type="stmt"/>
        <line num="27" count="0" type="stmt"/>
        <line num="39" count="0" type="stmt"/>
      </file>
      <file name="ReviewsList.jsx" path="/Users/melissagilv/Desktop/SEGA-Project-Atelier/src/components/RatingsReviews/ReviewsList.jsx">
        <metrics statements="2" coveredstatements="1" conditionals="0" coveredconditionals="0" methods="2" coveredmethods="1"/>
        <line num="5" count="4" type="stmt"/>
        <line num="8" count="0" type="stmt"/>
      </file>
    </package>
    <package name="config">
      <metrics statements="2" coveredstatements="2" conditionals="0" coveredconditionals="0" methods="0" coveredmethods="0"/>
      <file name="config.js" path="/Users/melissagilv/Desktop/SEGA-Project-Atelier/src/config/config.js">
        <metrics statements="2" coveredstatements="2" conditionals="0" coveredconditionals="0" methods="0" coveredmethods="0"/>
        <line num="1" count="2" type="stmt"/>
        <line num="3" count="2" type="stmt"/>
      </file>
    </package>
<coverage generated="1662160930421" clover="3.2.0">
  <project timestamp="1662160930421" name="All files">
    <metrics statements="4" coveredstatements="3" conditionals="2" coveredconditionals="1" methods="1" coveredmethods="1" elements="7" coveredelements="5" complexity="0" loc="4" ncloc="4" packages="1" files="1" classes="1"/>
    <file name="ProductInfo.jsx" path="/Users/zvallow/hackReactor/SEGA-Project-Atelier/src/components/ProductInfo.jsx">
      <metrics statements="4" coveredstatements="3" conditionals="2" coveredconditionals="1" methods="1" coveredmethods="1"/>
      <line num="3" count="1" type="stmt"/>
      <line num="4" count="1" type="cond" truecount="1" falsecount="1"/>
      <line num="5" count="0" type="stmt"/>
      <line num="15" count="1" type="stmt"/>
    </file>
  </project>
</coverage>
