<?xml version="1.0" encoding="UTF-8"?>

<coverage generated="1661920885579" clover="3.2.0">
  <project timestamp="1661920885579" name="All files">
    <metrics statements="61" coveredstatements="37" conditionals="8" coveredconditionals="4" methods="26" coveredmethods="18" elements="95" coveredelements="59" complexity="0" loc="61" ncloc="61" packages="2" files="7" classes="7"/>
    <package name="components.RatingsReviews">
      <metrics statements="60" coveredstatements="36" conditionals="8" coveredconditionals="4" methods="26" coveredmethods="18"/>
      <file name="Characteristic.jsx" path="/Users/melissagilv/Desktop/SEGA-Project-Atelier/src/components/RatingsReviews/Characteristic.jsx">
        <metrics statements="4" coveredstatements="0" conditionals="0" coveredconditionals="0" methods="2" coveredmethods="0"/>
        <line num="5" count="0" type="stmt"/>
        <line num="14" count="0" type="stmt"/>
        <line num="16" count="0" type="stmt"/>
        <line num="26" count="0" type="stmt"/>
      </file>
      <file name="ProductBreakdown.jsx" path="/Users/melissagilv/Desktop/SEGA-Project-Atelier/src/components/RatingsReviews/ProductBreakdown.jsx">
        <metrics statements="4" coveredstatements="2" conditionals="2" coveredconditionals="1" methods="3" coveredmethods="2"/>
        <line num="7" count="2" type="cond" truecount="1" falsecount="1"/>
        <line num="8" count="0" type="stmt"/>
        <line num="9" count="0" type="stmt"/>
        <line num="14" count="2" type="stmt"/>
      </file>
      <file name="RatingBreakdown.jsx" path="/Users/melissagilv/Desktop/SEGA-Project-Atelier/src/components/RatingsReviews/RatingBreakdown.jsx">
        <metrics statements="25" coveredstatements="17" conditionals="2" coveredconditionals="0" methods="5" coveredmethods="5"/>
        <line num="6" count="2" type="stmt"/>
        <line num="7" count="2" type="stmt"/>
        <line num="8" count="2" type="stmt"/>
        <line num="9" count="0" type="stmt"/>
        <line num="10" count="0" type="stmt"/>
        <line num="12" count="2" type="stmt"/>
        <line num="16" count="2" type="stmt"/>
        <line num="17" count="2" type="stmt"/>
        <line num="18" count="2" type="stmt"/>
        <line num="19" count="0" type="cond" truecount="0" falsecount="2"/>
        <line num="20" count="0" type="stmt"/>
        <line num="21" count="0" type="stmt"/>
        <line num="23" count="0" type="stmt"/>
        <line num="26" count="2" type="stmt"/>
        <line num="30" count="2" type="stmt"/>
        <line num="31" count="2" type="stmt"/>
        <line num="32" count="2" type="stmt"/>
        <line num="41" count="2" type="stmt"/>
        <line num="42" count="0" type="stmt"/>
        <line num="43" count="0" type="stmt"/>
        <line num="45" count="2" type="stmt"/>
        <line num="46" count="10" type="stmt"/>
        <line num="49" count="2" type="stmt"/>
        <line num="52" count="2" type="stmt"/>
        <line num="61" count="10" type="stmt"/>
      </file>
      <file name="RatingsReviews.jsx" path="/Users/melissagilv/Desktop/SEGA-Project-Atelier/src/components/RatingsReviews/RatingsReviews.jsx">
        <metrics statements="17" coveredstatements="8" conditionals="0" coveredconditionals="0" methods="9" coveredmethods="4"/>
        <line num="6" count="1" type="stmt"/>
        <line num="10" count="1" type="stmt"/>
        <line num="11" count="1" type="stmt"/>
        <line num="17" count="1" type="stmt"/>
        <line num="22" count="1" type="stmt"/>
        <line num="31" count="1" type="stmt"/>
        <line num="32" count="1" type="stmt"/>
        <line num="38" count="0" type="stmt"/>
        <line num="39" count="0" type="stmt"/>
        <line num="42" count="0" type="stmt"/>
        <line num="48" count="0" type="stmt"/>
        <line num="49" count="0" type="stmt"/>
        <line num="50" count="0" type="stmt"/>
        <line num="51" count="0" type="stmt"/>
        <line num="59" count="0" type="stmt"/>
        <line num="62" count="0" type="stmt"/>
        <line num="66" count="2" type="stmt"/>
      </file>
      <file name="ReviewTile.jsx" path="/Users/melissagilv/Desktop/SEGA-Project-Atelier/src/components/RatingsReviews/ReviewTile.jsx">
        <metrics statements="8" coveredstatements="7" conditionals="4" coveredconditionals="3" methods="5" coveredmethods="5"/>
        <line num="6" count="7" type="cond" truecount="2" falsecount="0"/>
        <line num="7" count="5" type="stmt"/>
        <line num="12" count="7" type="cond" truecount="1" falsecount="1"/>
        <line num="13" count="0" type="stmt"/>
        <line num="23" count="7" type="stmt"/>
        <line num="24" count="7" type="stmt"/>
        <line num="27" count="7" type="stmt"/>
        <line num="36" count="13" type="stmt"/>
      </file>
      <file name="ReviewsList.jsx" path="/Users/melissagilv/Desktop/SEGA-Project-Atelier/src/components/RatingsReviews/ReviewsList.jsx">
        <metrics statements="2" coveredstatements="2" conditionals="0" coveredconditionals="0" methods="2" coveredmethods="2"/>
        <line num="5" count="2" type="stmt"/>
        <line num="8" count="7" type="stmt"/>
      </file>
    </package>
    <package name="config">
      <metrics statements="1" coveredstatements="1" conditionals="0" coveredconditionals="0" methods="0" coveredmethods="0"/>
      <file name="config.js" path="/Users/melissagilv/Desktop/SEGA-Project-Atelier/src/config/config.js">
        <metrics statements="1" coveredstatements="1" conditionals="0" coveredconditionals="0" methods="0" coveredmethods="0"/>
        <line num="1" count="1" type="stmt"/>
      </file>
    </package>

<coverage generated="1661903458827" clover="3.2.0">
  <project timestamp="1661903458827" name="All files">
    <metrics statements="4" coveredstatements="3" conditionals="2" coveredconditionals="1" methods="1" coveredmethods="1" elements="7" coveredelements="5" complexity="0" loc="4" ncloc="4" packages="1" files="1" classes="1"/>
    <file name="ProductInfo.jsx" path="/Users/aliceblank/Coding/SEGA-Project-Atelier/src/components/ProductInfo.jsx">
      <metrics statements="4" coveredstatements="3" conditionals="2" coveredconditionals="1" methods="1" coveredmethods="1"/>
      <line num="3" count="1" type="stmt"/>
      <line num="4" count="1" type="cond" truecount="1" falsecount="1"/>
      <line num="5" count="0" type="stmt"/>
      <line num="15" count="1" type="stmt"/>
    </file>

  </project>
</coverage>
