{"/Users/zvallow/hackReactor/SEGA-Project-Atelier/src/components/Q&A/AddAnswer.jsx": {"path":"/Users/zvallow/hackReactor/SEGA-Project-Atelier/src/components/Q&A/AddAnswer.jsx","statementMap":{"0":{"start":{"line":6,"column":4},"end":{"line":6,"column":17}},"1":{"start":{"line":7,"column":4},"end":{"line":7,"column":19}},"2":{"start":{"line":16,"column":4},"end":{"line":18,"column":5}}},"fnMap":{"0":{"name":"(anonymous_0)","decl":{"start":{"line":5,"column":2},"end":{"line":5,"column":3}},"loc":{"start":{"line":5,"column":21},"end":{"line":8,"column":3}},"line":5},"1":{"name":"(anonymous_1)","decl":{"start":{"line":15,"column":2},"end":{"line":15,"column":3}},"loc":{"start":{"line":15,"column":11},"end":{"line":19,"column":3}},"line":15}},"branchMap":{},"s":{"0":3,"1":3,"2":4},"f":{"0":3,"1":4},"b":{},"_coverageSchema":"1a1c01bbd47fc00a2c39e90264f33305004495a9","hash":"945bcce60d8998bc3f0167178c209a00db0f3ae6"}
,"/Users/zvallow/hackReactor/SEGA-Project-Atelier/src/components/Q&A/AnswerComp.jsx": {"path":"/Users/zvallow/hackReactor/SEGA-Project-Atelier/src/components/Q&A/AnswerComp.jsx","statementMap":{"0":{"start":{"line":6,"column":4},"end":{"line":6,"column":17}},"1":{"start":{"line":7,"column":4},"end":{"line":16,"column":5}},"2":{"start":{"line":17,"column":4},"end":{"line":17,"column":49}},"3":{"start":{"line":18,"column":4},"end":{"line":18,"column":47}},"4":{"start":{"line":19,"column":4},"end":{"line":19,"column":53}},"5":{"start":{"line":20,"column":4},"end":{"line":20,"column":49}},"6":{"start":{"line":21,"column":4},"end":{"line":21,"column":61}},"7":{"start":{"line":22,"column":4},"end":{"line":22,"column":61}},"8":{"start":{"line":27,"column":18},"end":{"line":27,"column":68}},"9":{"start":{"line":28,"column":4},"end":{"line":28,"column":60}},"10":{"start":{"line":32,"column":4},"end":{"line":34,"column":5}},"11":{"start":{"line":33,"column":6},"end":{"line":33,"column":35}},"12":{"start":{"line":35,"column":4},"end":{"line":35,"column":19}},"13":{"start":{"line":38,"column":16},"end":{"line":38,"column":37}},"14":{"start":{"line":39,"column":14},"end":{"line":39,"column":48}},"15":{"start":{"line":40,"column":14},"end":{"line":40,"column":16}},"16":{"start":{"line":42,"column":2},"end":{"line":44,"column":3}},"17":{"start":{"line":42,"column":15},"end":{"line":42,"column":16}},"18":{"start":{"line":43,"column":4},"end":{"line":43,"column":28}},"19":{"start":{"line":47,"column":2},"end":{"line":67,"column":3}},"20":{"start":{"line":49,"column":4},"end":{"line":57,"column":5}},"21":{"start":{"line":49,"column":17},"end":{"line":49,"column":18}},"22":{"start":{"line":50,"column":6},"end":{"line":56,"column":7}},"23":{"start":{"line":51,"column":8},"end":{"line":55,"column":9}},"24":{"start":{"line":52,"column":21},"end":{"line":52,"column":27}},"25":{"start":{"line":53,"column":10},"end":{"line":53,"column":28}},"26":{"start":{"line":54,"column":10},"end":{"line":54,"column":26}},"27":{"start":{"line":58,"column":4},"end":{"line":65,"column":5}},"28":{"start":{"line":59,"column":6},"end":{"line":59,"column":40}},"29":{"start":{"line":60,"column":6},"end":{"line":60,"column":38}},"30":{"start":{"line":62,"column":6},"end":{"line":62,"column":40}},"31":{"start":{"line":63,"column":6},"end":{"line":63,"column":28}},"32":{"start":{"line":64,"column":6},"end":{"line":64,"column":38}},"33":{"start":{"line":69,"column":2},"end":{"line":69,"column":34}},"34":{"start":{"line":73,"column":21},"end":{"line":73,"column":41}},"35":{"start":{"line":74,"column":16},"end":{"line":74,"column":39}},"36":{"start":{"line":75,"column":18},"end":{"line":75,"column":21}},"37":{"start":{"line":76,"column":4},"end":{"line":76,"column":27}},"38":{"start":{"line":77,"column":4},"end":{"line":77,"column":41}},"39":{"start":{"line":78,"column":4},"end":{"line":78,"column":43}},"40":{"start":{"line":79,"column":4},"end":{"line":79,"column":22}},"41":{"start":{"line":83,"column":4},"end":{"line":83,"column":40}},"42":{"start":{"line":84,"column":4},"end":{"line":84,"column":39}},"43":{"start":{"line":87,"column":4},"end":{"line":87,"column":41}},"44":{"start":{"line":88,"column":18},"end":{"line":88,"column":36}},"45":{"start":{"line":89,"column":4},"end":{"line":89,"column":40}},"46":{"start":{"line":94,"column":4},"end":{"line":94,"column":22}},"47":{"start":{"line":102,"column":4},"end":{"line":106,"column":5}},"48":{"start":{"line":103,"column":6},"end":{"line":103,"column":112}},"49":{"start":{"line":103,"column":40},"end":{"line":103,"column":85}},"50":{"start":{"line":105,"column":6},"end":{"line":105,"column":29}},"51":{"start":{"line":107,"column":4},"end":{"line":109,"column":5}},"52":{"start":{"line":108,"column":6},"end":{"line":108,"column":112}},"53":{"start":{"line":108,"column":40},"end":{"line":108,"column":85}},"54":{"start":{"line":111,"column":4},"end":{"line":125,"column":5}},"55":{"start":{"line":114,"column":6},"end":{"line":121,"column":12}},"56":{"start":{"line":119,"column":52},"end":{"line":119,"column":78}}},"fnMap":{"0":{"name":"(anonymous_0)","decl":{"start":{"line":5,"column":2},"end":{"line":5,"column":3}},"loc":{"start":{"line":5,"column":21},"end":{"line":23,"column":3}},"line":5},"1":{"name":"(anonymous_1)","decl":{"start":{"line":26,"column":2},"end":{"line":26,"column":3}},"loc":{"start":{"line":26,"column":21},"end":{"line":29,"column":3}},"line":26},"2":{"name":"(anonymous_2)","decl":{"start":{"line":31,"column":2},"end":{"line":31,"column":3}},"loc":{"start":{"line":31,"column":21},"end":{"line":36,"column":3}},"line":31},"3":{"name":"(anonymous_3)","decl":{"start":{"line":37,"column":2},"end":{"line":37,"column":3}},"loc":{"start":{"line":37,"column":15},"end":{"line":70,"column":3}},"line":37},"4":{"name":"(anonymous_4)","decl":{"start":{"line":72,"column":2},"end":{"line":72,"column":3}},"loc":{"start":{"line":72,"column":24},"end":{"line":80,"column":3}},"line":72},"5":{"name":"(anonymous_5)","decl":{"start":{"line":82,"column":2},"end":{"line":82,"column":3}},"loc":{"start":{"line":82,"column":27},"end":{"line":85,"column":3}},"line":82},"6":{"name":"(anonymous_6)","decl":{"start":{"line":86,"column":2},"end":{"line":86,"column":3}},"loc":{"start":{"line":86,"column":27},"end":{"line":90,"column":3}},"line":86},"7":{"name":"(anonymous_7)","decl":{"start":{"line":93,"column":2},"end":{"line":93,"column":3}},"loc":{"start":{"line":93,"column":22},"end":{"line":95,"column":3}},"line":93},"8":{"name":"(anonymous_8)","decl":{"start":{"line":100,"column":2},"end":{"line":100,"column":3}},"loc":{"start":{"line":100,"column":11},"end":{"line":126,"column":3}},"line":100},"9":{"name":"(anonymous_9)","decl":{"start":{"line":103,"column":33},"end":{"line":103,"column":34}},"loc":{"start":{"line":103,"column":40},"end":{"line":103,"column":85}},"line":103},"10":{"name":"(anonymous_10)","decl":{"start":{"line":108,"column":33},"end":{"line":108,"column":34}},"loc":{"start":{"line":108,"column":40},"end":{"line":108,"column":85}},"line":108},"11":{"name":"(anonymous_11)","decl":{"start":{"line":113,"column":32},"end":{"line":113,"column":33}},"loc":{"start":{"line":114,"column":6},"end":{"line":121,"column":12}},"line":114},"12":{"name":"(anonymous_12)","decl":{"start":{"line":119,"column":45},"end":{"line":119,"column":46}},"loc":{"start":{"line":119,"column":52},"end":{"line":119,"column":78}},"line":119}},"branchMap":{"0":{"loc":{"start":{"line":32,"column":4},"end":{"line":34,"column":5}},"type":"if","locations":[{"start":{"line":32,"column":4},"end":{"line":34,"column":5}},{"start":{},"end":{}}],"line":32},"1":{"loc":{"start":{"line":47,"column":2},"end":{"line":67,"column":3}},"type":"if","locations":[{"start":{"line":47,"column":2},"end":{"line":67,"column":3}},{"start":{},"end":{}}],"line":47},"2":{"loc":{"start":{"line":50,"column":6},"end":{"line":56,"column":7}},"type":"if","locations":[{"start":{"line":50,"column":6},"end":{"line":56,"column":7}},{"start":{},"end":{}}],"line":50},"3":{"loc":{"start":{"line":51,"column":8},"end":{"line":55,"column":9}},"type":"if","locations":[{"start":{"line":51,"column":8},"end":{"line":55,"column":9}},{"start":{},"end":{}}],"line":51},"4":{"loc":{"start":{"line":58,"column":4},"end":{"line":65,"column":5}},"type":"if","locations":[{"start":{"line":58,"column":4},"end":{"line":65,"column":5}},{"start":{"line":61,"column":11},"end":{"line":65,"column":5}}],"line":58},"5":{"loc":{"start":{"line":102,"column":4},"end":{"line":106,"column":5}},"type":"if","locations":[{"start":{"line":102,"column":4},"end":{"line":106,"column":5}},{"start":{"line":104,"column":11},"end":{"line":106,"column":5}}],"line":102},"6":{"loc":{"start":{"line":107,"column":4},"end":{"line":109,"column":5}},"type":"if","locations":[{"start":{"line":107,"column":4},"end":{"line":109,"column":5}},{"start":{},"end":{}}],"line":107},"7":{"loc":{"start":{"line":117,"column":39},"end":{"line":117,"column":88}},"type":"cond-expr","locations":[{"start":{"line":117,"column":63},"end":{"line":117,"column":83}},{"start":{"line":117,"column":86},"end":{"line":117,"column":88}}],"line":117}},"s":{"0":3,"1":3,"2":3,"3":3,"4":3,"5":3,"6":3,"7":3,"8":5,"9":5,"10":5,"11":1,"12":5,"13":3,"14":3,"15":3,"16":3,"17":3,"18":6,"19":3,"20":2,"21":2,"22":5,"23":3,"24":2,"25":2,"26":2,"27":2,"28":0,"29":0,"30":2,"31":2,"32":2,"33":3,"34":0,"35":0,"36":0,"37":0,"38":0,"39":0,"40":0,"41":0,"42":0,"43":0,"44":0,"45":0,"46":3,"47":6,"48":1,"49":0,"50":5,"51":6,"52":0,"53":0,"54":6,"55":5,"56":0},"f":{"0":3,"1":5,"2":5,"3":3,"4":0,"5":0,"6":0,"7":3,"8":6,"9":0,"10":0,"11":5,"12":0},"b":{"0":[1,4],"1":[2,1],"2":[3,2],"3":[2,1],"4":[0,2],"5":[1,5],"6":[0,6],"7":[1,4]},"_coverageSchema":"1a1c01bbd47fc00a2c39e90264f33305004495a9","hash":"aba76e5c93f600f60378062ca9319eceab64c91b"}
,"/Users/zvallow/hackReactor/SEGA-Project-Atelier/src/components/Q&A/AnswerReport.jsx": {"path":"/Users/zvallow/hackReactor/SEGA-Project-Atelier/src/components/Q&A/AnswerReport.jsx","statementMap":{"0":{"start":{"line":7,"column":4},"end":{"line":7,"column":16}},"1":{"start":{"line":8,"column":4},"end":{"line":10,"column":5}},"2":{"start":{"line":11,"column":4},"end":{"line":11,"column":53}},"3":{"start":{"line":15,"column":18},"end":{"line":15,"column":39}},"4":{"start":{"line":16,"column":4},"end":{"line":16,"column":28}},"5":{"start":{"line":17,"column":4},"end":{"line":17,"column":41}},"6":{"start":{"line":23,"column":4},"end":{"line":27,"column":5}},"7":{"start":{"line":24,"column":6},"end":{"line":24,"column":43}},"8":{"start":{"line":26,"column":6},"end":{"line":26,"column":86}},"9":{"start":{"line":26,"column":45},"end":{"line":26,"column":65}},"10":{"start":{"line":28,"column":4},"end":{"line":30,"column":6}}},"fnMap":{"0":{"name":"(anonymous_0)","decl":{"start":{"line":6,"column":2},"end":{"line":6,"column":3}},"loc":{"start":{"line":6,"column":21},"end":{"line":12,"column":3}},"line":6},"1":{"name":"(anonymous_1)","decl":{"start":{"line":14,"column":2},"end":{"line":14,"column":3}},"loc":{"start":{"line":14,"column":18},"end":{"line":18,"column":3}},"line":14},"2":{"name":"(anonymous_2)","decl":{"start":{"line":21,"column":2},"end":{"line":21,"column":3}},"loc":{"start":{"line":21,"column":10},"end":{"line":31,"column":3}},"line":21},"3":{"name":"(anonymous_3)","decl":{"start":{"line":26,"column":38},"end":{"line":26,"column":39}},"loc":{"start":{"line":26,"column":45},"end":{"line":26,"column":65}},"line":26}},"branchMap":{"0":{"loc":{"start":{"line":23,"column":4},"end":{"line":27,"column":5}},"type":"if","locations":[{"start":{"line":23,"column":4},"end":{"line":27,"column":5}},{"start":{"line":25,"column":11},"end":{"line":27,"column":5}}],"line":23}},"s":{"0":5,"1":5,"2":5,"3":0,"4":0,"5":0,"6":5,"7":0,"8":5,"9":0,"10":5},"f":{"0":5,"1":0,"2":5,"3":0},"b":{"0":[0,5]},"_coverageSchema":"1a1c01bbd47fc00a2c39e90264f33305004495a9","hash":"fd41a159d9001b0bf19b8465de79644eb1a3079e"}
,"/Users/zvallow/hackReactor/SEGA-Project-Atelier/src/components/Q&A/QList.jsx": {"path":"/Users/zvallow/hackReactor/SEGA-Project-Atelier/src/components/Q&A/QList.jsx","statementMap":{"0":{"start":{"line":5,"column":14},"end":{"line":5,"column":30}},"1":{"start":{"line":9,"column":4},"end":{"line":9,"column":16}},"2":{"start":{"line":10,"column":4},"end":{"line":98,"column":5}},"3":{"start":{"line":100,"column":4},"end":{"line":100,"column":55}},"4":{"start":{"line":101,"column":4},"end":{"line":101,"column":53}},"5":{"start":{"line":105,"column":17},"end":{"line":105,"column":44}},"6":{"start":{"line":106,"column":6},"end":{"line":120,"column":7}},"7":{"start":{"line":116,"column":8},"end":{"line":118,"column":11}},"8":{"start":{"line":117,"column":10},"end":{"line":117,"column":65}},"9":{"start":{"line":119,"column":8},"end":{"line":119,"column":43}},"10":{"start":{"line":121,"column":6},"end":{"line":121,"column":41}},"11":{"start":{"line":125,"column":15},"end":{"line":125,"column":29}},"12":{"start":{"line":126,"column":4},"end":{"line":126,"column":30}},"13":{"start":{"line":127,"column":20},"end":{"line":127,"column":42}},"14":{"start":{"line":128,"column":4},"end":{"line":145,"column":5}},"15":{"start":{"line":129,"column":6},"end":{"line":129,"column":40}},"16":{"start":{"line":130,"column":6},"end":{"line":139,"column":7}},"17":{"start":{"line":130,"column":18},"end":{"line":130,"column":19}},"18":{"start":{"line":131,"column":8},"end":{"line":138,"column":9}},"19":{"start":{"line":132,"column":27},"end":{"line":132,"column":53}},"20":{"start":{"line":133,"column":10},"end":{"line":137,"column":11}},"21":{"start":{"line":134,"column":23},"end":{"line":134,"column":35}},"22":{"start":{"line":135,"column":12},"end":{"line":135,"column":40}},"23":{"start":{"line":136,"column":12},"end":{"line":136,"column":32}},"24":{"start":{"line":140,"column":6},"end":{"line":140,"column":29}},"25":{"start":{"line":141,"column":6},"end":{"line":141,"column":46}},"26":{"start":{"line":143,"column":6},"end":{"line":143,"column":41}},"27":{"start":{"line":144,"column":6},"end":{"line":144,"column":27}},"28":{"start":{"line":149,"column":4},"end":{"line":149,"column":25}},"29":{"start":{"line":161,"column":16},"end":{"line":161,"column":17}},"30":{"start":{"line":162,"column":4},"end":{"line":180,"column":5}},"31":{"start":{"line":163,"column":6},"end":{"line":163,"column":35}},"32":{"start":{"line":164,"column":6},"end":{"line":171,"column":10}},"33":{"start":{"line":166,"column":8},"end":{"line":170,"column":13}},"34":{"start":{"line":173,"column":6},"end":{"line":179,"column":10}},"35":{"start":{"line":175,"column":8},"end":{"line":178,"column":13}},"36":{"start":{"line":184,"column":4},"end":{"line":196,"column":5}}},"fnMap":{"0":{"name":"(anonymous_0)","decl":{"start":{"line":8,"column":2},"end":{"line":8,"column":3}},"loc":{"start":{"line":8,"column":21},"end":{"line":102,"column":3}},"line":8},"1":{"name":"(anonymous_1)","decl":{"start":{"line":104,"column":2},"end":{"line":104,"column":3}},"loc":{"start":{"line":104,"column":18},"end":{"line":122,"column":3}},"line":104},"2":{"name":"(anonymous_2)","decl":{"start":{"line":116,"column":18},"end":{"line":116,"column":19}},"loc":{"start":{"line":116,"column":28},"end":{"line":118,"column":9}},"line":116},"3":{"name":"(anonymous_3)","decl":{"start":{"line":124,"column":2},"end":{"line":124,"column":3}},"loc":{"start":{"line":124,"column":18},"end":{"line":146,"column":3}},"line":124},"4":{"name":"(anonymous_4)","decl":{"start":{"line":148,"column":2},"end":{"line":148,"column":3}},"loc":{"start":{"line":148,"column":22},"end":{"line":155,"column":3}},"line":148},"5":{"name":"(anonymous_5)","decl":{"start":{"line":159,"column":2},"end":{"line":159,"column":3}},"loc":{"start":{"line":159,"column":11},"end":{"line":197,"column":3}},"line":159},"6":{"name":"(anonymous_6)","decl":{"start":{"line":165,"column":33},"end":{"line":165,"column":34}},"loc":{"start":{"line":166,"column":8},"end":{"line":170,"column":13}},"line":166},"7":{"name":"(anonymous_7)","decl":{"start":{"line":174,"column":33},"end":{"line":174,"column":34}},"loc":{"start":{"line":175,"column":8},"end":{"line":178,"column":13}},"line":175}},"branchMap":{"0":{"loc":{"start":{"line":106,"column":6},"end":{"line":120,"column":7}},"type":"if","locations":[{"start":{"line":106,"column":6},"end":{"line":120,"column":7}},{"start":{},"end":{}}],"line":106},"1":{"loc":{"start":{"line":128,"column":4},"end":{"line":145,"column":5}},"type":"if","locations":[{"start":{"line":128,"column":4},"end":{"line":145,"column":5}},{"start":{"line":142,"column":11},"end":{"line":145,"column":5}}],"line":128},"2":{"loc":{"start":{"line":131,"column":8},"end":{"line":138,"column":9}},"type":"if","locations":[{"start":{"line":131,"column":8},"end":{"line":138,"column":9}},{"start":{},"end":{}}],"line":131},"3":{"loc":{"start":{"line":133,"column":10},"end":{"line":137,"column":11}},"type":"if","locations":[{"start":{"line":133,"column":10},"end":{"line":137,"column":11}},{"start":{},"end":{}}],"line":133},"4":{"loc":{"start":{"line":162,"column":4},"end":{"line":180,"column":5}},"type":"if","locations":[{"start":{"line":162,"column":4},"end":{"line":180,"column":5}},{"start":{"line":172,"column":11},"end":{"line":180,"column":5}}],"line":162}},"s":{"0":1,"1":1,"2":1,"3":1,"4":1,"5":1,"6":1,"7":1,"8":3,"9":1,"10":1,"11":0,"12":0,"13":0,"14":0,"15":0,"16":0,"17":0,"18":0,"19":0,"20":0,"21":0,"22":0,"23":0,"24":0,"25":0,"26":0,"27":0,"28":1,"29":2,"30":2,"31":0,"32":0,"33":0,"34":2,"35":3,"36":2},"f":{"0":1,"1":1,"2":3,"3":0,"4":1,"5":2,"6":0,"7":3},"b":{"0":[1,0],"1":[0,0],"2":[0,0],"3":[0,0],"4":[0,2]},"_coverageSchema":"1a1c01bbd47fc00a2c39e90264f33305004495a9","hash":"c767735f8530045d5d179571097ac860ca86a393"}
,"/Users/zvallow/hackReactor/SEGA-Project-Atelier/src/components/Q&A/QuestionComp.jsx": {"path":"/Users/zvallow/hackReactor/SEGA-Project-Atelier/src/components/Q&A/QuestionComp.jsx","statementMap":{"0":{"start":{"line":7,"column":4},"end":{"line":7,"column":17}},"1":{"start":{"line":8,"column":4},"end":{"line":11,"column":5}},"2":{"start":{"line":12,"column":4},"end":{"line":12,"column":51}},"3":{"start":{"line":17,"column":4},"end":{"line":17,"column":35}},"4":{"start":{"line":18,"column":4},"end":{"line":18,"column":37}},"5":{"start":{"line":19,"column":4},"end":{"line":19,"column":37}},"6":{"start":{"line":26,"column":4},"end":{"line":30,"column":5}},"7":{"start":{"line":27,"column":6},"end":{"line":27,"column":35}},"8":{"start":{"line":29,"column":6},"end":{"line":29,"column":95}},"9":{"start":{"line":29,"column":40},"end":{"line":29,"column":78}},"10":{"start":{"line":31,"column":4},"end":{"line":39,"column":5}}},"fnMap":{"0":{"name":"(anonymous_0)","decl":{"start":{"line":6,"column":2},"end":{"line":6,"column":3}},"loc":{"start":{"line":6,"column":21},"end":{"line":13,"column":3}},"line":6},"1":{"name":"(anonymous_1)","decl":{"start":{"line":16,"column":2},"end":{"line":16,"column":3}},"loc":{"start":{"line":16,"column":20},"end":{"line":20,"column":3}},"line":16},"2":{"name":"(anonymous_2)","decl":{"start":{"line":24,"column":2},"end":{"line":24,"column":3}},"loc":{"start":{"line":24,"column":11},"end":{"line":40,"column":3}},"line":24},"3":{"name":"(anonymous_3)","decl":{"start":{"line":29,"column":33},"end":{"line":29,"column":34}},"loc":{"start":{"line":29,"column":40},"end":{"line":29,"column":78}},"line":29}},"branchMap":{"0":{"loc":{"start":{"line":26,"column":4},"end":{"line":30,"column":5}},"type":"if","locations":[{"start":{"line":26,"column":4},"end":{"line":30,"column":5}},{"start":{"line":28,"column":11},"end":{"line":30,"column":5}}],"line":26}},"s":{"0":3,"1":3,"2":3,"3":1,"4":1,"5":1,"6":4,"7":1,"8":3,"9":1,"10":4},"f":{"0":3,"1":1,"2":4,"3":1},"b":{"0":[1,3]},"_coverageSchema":"1a1c01bbd47fc00a2c39e90264f33305004495a9","hash":"104f6ae8901933d0c0eba7ff00e877c2a4179940"}
,"/Users/zvallow/hackReactor/SEGA-Project-Atelier/src/config/config.js": {"path":"/Users/zvallow/hackReactor/SEGA-Project-Atelier/src/config/config.js","statementMap":{"0":{"start":{"line":1,"column":14},"end":{"line":1,"column":56}}},"fnMap":{},"branchMap":{},"s":{"0":1},"f":{},"b":{},"_coverageSchema":"1a1c01bbd47fc00a2c39e90264f33305004495a9","hash":"e4fbdd1fc040ab86813836875537b6a4a603feea"}
}
