{"/Users/melissagilv/Desktop/SEGA-Project-Atelier/src/components/RatingsReviews/Characteristic.jsx": {"path":"/Users/melissagilv/Desktop/SEGA-Project-Atelier/src/components/RatingsReviews/Characteristic.jsx","statementMap":{"0":{"start":{"line":5,"column":20},"end":{"line":12,"column":3}},"1":{"start":{"line":14,"column":29},"end":{"line":14,"column":54}},"2":{"start":{"line":16,"column":2},"end":{"line":30,"column":3}},"3":{"start":{"line":26,"column":10},"end":{"line":26,"column":31}}},"fnMap":{"0":{"name":"Characteristic","decl":{"start":{"line":3,"column":9},"end":{"line":3,"column":23}},"loc":{"start":{"line":3,"column":52},"end":{"line":31,"column":1}},"line":3},"1":{"name":"(anonymous_1)","decl":{"start":{"line":25,"column":41},"end":{"line":25,"column":42}},"loc":{"start":{"line":26,"column":10},"end":{"line":26,"column":31}},"line":26}},"branchMap":{},"s":{"0":0,"1":0,"2":0,"3":0},"f":{"0":0,"1":0},"b":{},"_coverageSchema":"1a1c01bbd47fc00a2c39e90264f33305004495a9","hash":"a290c0eaf4eaa965f4f187bdc15046bced9ba6dd"}
,"/Users/melissagilv/Desktop/SEGA-Project-Atelier/src/components/RatingsReviews/ProductBreakdown.jsx": {"path":"/Users/melissagilv/Desktop/SEGA-Project-Atelier/src/components/RatingsReviews/ProductBreakdown.jsx","statementMap":{"0":{"start":{"line":7,"column":4},"end":{"line":11,"column":5}},"1":{"start":{"line":8,"column":6},"end":{"line":10,"column":7}},"2":{"start":{"line":9,"column":8},"end":{"line":9,"column":94}},"3":{"start":{"line":14,"column":2},"end":{"line":16,"column":3}}},"fnMap":{"0":{"name":"ProductBreakdown","decl":{"start":{"line":4,"column":9},"end":{"line":4,"column":25}},"loc":{"start":{"line":4,"column":37},"end":{"line":17,"column":1}},"line":4},"1":{"name":"createCharacteristicRange","decl":{"start":{"line":6,"column":11},"end":{"line":6,"column":36}},"loc":{"start":{"line":6,"column":39},"end":{"line":12,"column":3}},"line":6},"2":{"name":"(anonymous_2)","decl":{"start":{"line":8,"column":54},"end":{"line":8,"column":55}},"loc":{"start":{"line":9,"column":8},"end":{"line":9,"column":94}},"line":9}},"branchMap":{"0":{"loc":{"start":{"line":7,"column":4},"end":{"line":11,"column":5}},"type":"if","locations":[{"start":{"line":7,"column":4},"end":{"line":11,"column":5}},{"start":{},"end":{}}],"line":7}},"s":{"0":2,"1":0,"2":0,"3":2},"f":{"0":2,"1":2,"2":0},"b":{"0":[0,2]},"_coverageSchema":"1a1c01bbd47fc00a2c39e90264f33305004495a9","hash":"f6c2a03b2539ade53c2ab91f4216a660d7bd542e"}
,"/Users/melissagilv/Desktop/SEGA-Project-Atelier/src/components/RatingsReviews/RatingBreakdown.jsx": {"path":"/Users/melissagilv/Desktop/SEGA-Project-Atelier/src/components/RatingsReviews/RatingBreakdown.jsx","statementMap":{"0":{"start":{"line":6,"column":14},"end":{"line":6,"column":15}},"1":{"start":{"line":7,"column":23},"end":{"line":7,"column":24}},"2":{"start":{"line":8,"column":4},"end":{"line":11,"column":5}},"3":{"start":{"line":9,"column":6},"end":{"line":9,"column":60}},"4":{"start":{"line":10,"column":6},"end":{"line":10,"column":56}},"5":{"start":{"line":12,"column":4},"end":{"line":12,"column":53}},"6":{"start":{"line":16,"column":23},"end":{"line":16,"column":24}},"7":{"start":{"line":17,"column":19},"end":{"line":17,"column":20}},"8":{"start":{"line":18,"column":4},"end":{"line":25,"column":5}},"9":{"start":{"line":19,"column":6},"end":{"line":24,"column":7}},"10":{"start":{"line":20,"column":8},"end":{"line":20,"column":52}},"11":{"start":{"line":21,"column":8},"end":{"line":21,"column":56}},"12":{"start":{"line":23,"column":8},"end":{"line":23,"column":56}},"13":{"start":{"line":26,"column":4},"end":{"line":26,"column":54}},"14":{"start":{"line":30,"column":21},"end":{"line":30,"column":22}},"15":{"start":{"line":31,"column":16},"end":{"line":31,"column":18}},"16":{"start":{"line":32,"column":23},"end":{"line":38,"column":3}},"17":{"start":{"line":41,"column":4},"end":{"line":44,"column":5}},"18":{"start":{"line":42,"column":6},"end":{"line":42,"column":69}},"19":{"start":{"line":43,"column":6},"end":{"line":43,"column":56}},"20":{"start":{"line":45,"column":4},"end":{"line":47,"column":5}},"21":{"start":{"line":46,"column":6},"end":{"line":46,"column":73}},"22":{"start":{"line":49,"column":2},"end":{"line":49,"column":18}},"23":{"start":{"line":52,"column":2},"end":{"line":79,"column":3}},"24":{"start":{"line":61,"column":10},"end":{"line":69,"column":11}}},"fnMap":{"0":{"name":"RatingBreakdown","decl":{"start":{"line":3,"column":9},"end":{"line":3,"column":24}},"loc":{"start":{"line":3,"column":36},"end":{"line":80,"column":1}},"line":3},"1":{"name":"avgRating","decl":{"start":{"line":5,"column":11},"end":{"line":5,"column":20}},"loc":{"start":{"line":5,"column":23},"end":{"line":13,"column":3}},"line":5},"2":{"name":"recPercentage","decl":{"start":{"line":15,"column":11},"end":{"line":15,"column":24}},"loc":{"start":{"line":15,"column":27},"end":{"line":27,"column":3}},"line":15},"3":{"name":"starPercentage","decl":{"start":{"line":40,"column":11},"end":{"line":40,"column":25}},"loc":{"start":{"line":40,"column":28},"end":{"line":48,"column":3}},"line":40},"4":{"name":"(anonymous_4)","decl":{"start":{"line":60,"column":47},"end":{"line":60,"column":48}},"loc":{"start":{"line":60,"column":72},"end":{"line":70,"column":9}},"line":60}},"branchMap":{"0":{"loc":{"start":{"line":19,"column":6},"end":{"line":24,"column":7}},"type":"if","locations":[{"start":{"line":19,"column":6},"end":{"line":24,"column":7}},{"start":{"line":22,"column":13},"end":{"line":24,"column":7}}],"line":19}},"s":{"0":2,"1":2,"2":2,"3":0,"4":0,"5":2,"6":2,"7":2,"8":2,"9":0,"10":0,"11":0,"12":0,"13":2,"14":2,"15":2,"16":2,"17":2,"18":0,"19":0,"20":2,"21":10,"22":2,"23":2,"24":10},"f":{"0":2,"1":2,"2":2,"3":2,"4":10},"b":{"0":[0,0]},"_coverageSchema":"1a1c01bbd47fc00a2c39e90264f33305004495a9","hash":"8796b29fe042b5e96ac19630c1025b8e1f9118c6"}
,"/Users/melissagilv/Desktop/SEGA-Project-Atelier/src/components/RatingsReviews/RatingsReviews.jsx": {"path":"/Users/melissagilv/Desktop/SEGA-Project-Atelier/src/components/RatingsReviews/RatingsReviews.jsx","statementMap":{"0":{"start":{"line":6,"column":14},"end":{"line":6,"column":30}},"1":{"start":{"line":10,"column":4},"end":{"line":10,"column":17}},"2":{"start":{"line":11,"column":4},"end":{"line":15,"column":5}},"3":{"start":{"line":17,"column":4},"end":{"line":17,"column":49}},"4":{"start":{"line":22,"column":4},"end":{"line":42,"column":24}},"5":{"start":{"line":31,"column":6},"end":{"line":31,"column":48}},"6":{"start":{"line":32,"column":6},"end":{"line":35,"column":8}},"7":{"start":{"line":38,"column":6},"end":{"line":38,"column":39}},"8":{"start":{"line":39,"column":6},"end":{"line":39,"column":48}},"9":{"start":{"line":42,"column":6},"end":{"line":42,"column":22}},"10":{"start":{"line":48,"column":6},"end":{"line":48,"column":25}},"11":{"start":{"line":49,"column":23},"end":{"line":49,"column":37}},"12":{"start":{"line":50,"column":6},"end":{"line":50,"column":42}},"13":{"start":{"line":51,"column":6},"end":{"line":62,"column":26}},"14":{"start":{"line":59,"column":8},"end":{"line":59,"column":52}},"15":{"start":{"line":62,"column":8},"end":{"line":62,"column":24}},"16":{"start":{"line":66,"column":4},"end":{"line":90,"column":5}}},"fnMap":{"0":{"name":"(anonymous_0)","decl":{"start":{"line":9,"column":2},"end":{"line":9,"column":3}},"loc":{"start":{"line":9,"column":21},"end":{"line":18,"column":3}},"line":9},"1":{"name":"(anonymous_1)","decl":{"start":{"line":20,"column":2},"end":{"line":20,"column":3}},"loc":{"start":{"line":20,"column":22},"end":{"line":43,"column":3}},"line":20},"2":{"name":"(anonymous_2)","decl":{"start":{"line":30,"column":10},"end":{"line":30,"column":11}},"loc":{"start":{"line":30,"column":19},"end":{"line":36,"column":5}},"line":30},"3":{"name":"(anonymous_3)","decl":{"start":{"line":37,"column":10},"end":{"line":37,"column":11}},"loc":{"start":{"line":37,"column":19},"end":{"line":40,"column":5}},"line":37},"4":{"name":"(anonymous_4)","decl":{"start":{"line":41,"column":11},"end":{"line":41,"column":12}},"loc":{"start":{"line":42,"column":6},"end":{"line":42,"column":22}},"line":42},"5":{"name":"(anonymous_5)","decl":{"start":{"line":47,"column":4},"end":{"line":47,"column":5}},"loc":{"start":{"line":47,"column":18},"end":{"line":63,"column":5}},"line":47},"6":{"name":"(anonymous_6)","decl":{"start":{"line":58,"column":12},"end":{"line":58,"column":13}},"loc":{"start":{"line":58,"column":21},"end":{"line":60,"column":7}},"line":58},"7":{"name":"(anonymous_7)","decl":{"start":{"line":61,"column":13},"end":{"line":61,"column":14}},"loc":{"start":{"line":62,"column":8},"end":{"line":62,"column":24}},"line":62},"8":{"name":"(anonymous_8)","decl":{"start":{"line":65,"column":2},"end":{"line":65,"column":3}},"loc":{"start":{"line":65,"column":11},"end":{"line":91,"column":3}},"line":65}},"branchMap":{},"s":{"0":1,"1":1,"2":1,"3":1,"4":1,"5":1,"6":1,"7":0,"8":0,"9":0,"10":0,"11":0,"12":0,"13":0,"14":0,"15":0,"16":2},"f":{"0":1,"1":1,"2":1,"3":0,"4":0,"5":0,"6":0,"7":0,"8":2},"b":{},"_coverageSchema":"1a1c01bbd47fc00a2c39e90264f33305004495a9","hash":"f92de3eb860c6402b1ee41fcaa1227042aafbf5e"}
,"/Users/melissagilv/Desktop/SEGA-Project-Atelier/src/components/RatingsReviews/ReviewTile.jsx": {"path":"/Users/melissagilv/Desktop/SEGA-Project-Atelier/src/components/RatingsReviews/ReviewTile.jsx","statementMap":{"0":{"start":{"line":6,"column":4},"end":{"line":8,"column":5}},"1":{"start":{"line":7,"column":6},"end":{"line":7,"column":53}},"2":{"start":{"line":12,"column":4},"end":{"line":19,"column":5}},"3":{"start":{"line":13,"column":6},"end":{"line":18,"column":7}},"4":{"start":{"line":23,"column":18},"end":{"line":23,"column":68}},"5":{"start":{"line":24,"column":4},"end":{"line":24,"column":64}},"6":{"start":{"line":27,"column":2},"end":{"line":53,"column":3}},"7":{"start":{"line":36,"column":10},"end":{"line":36,"column":85}}},"fnMap":{"0":{"name":"ReviewTile","decl":{"start":{"line":3,"column":9},"end":{"line":3,"column":19}},"loc":{"start":{"line":3,"column":33},"end":{"line":54,"column":1}},"line":3},"1":{"name":"reviewerRec","decl":{"start":{"line":5,"column":11},"end":{"line":5,"column":22}},"loc":{"start":{"line":5,"column":25},"end":{"line":9,"column":3}},"line":5},"2":{"name":"sellerResponse","decl":{"start":{"line":11,"column":11},"end":{"line":11,"column":25}},"loc":{"start":{"line":11,"column":28},"end":{"line":20,"column":3}},"line":11},"3":{"name":"formatDate","decl":{"start":{"line":22,"column":11},"end":{"line":22,"column":21}},"loc":{"start":{"line":22,"column":30},"end":{"line":25,"column":3}},"line":22},"4":{"name":"(anonymous_4)","decl":{"start":{"line":35,"column":27},"end":{"line":35,"column":28}},"loc":{"start":{"line":36,"column":10},"end":{"line":36,"column":85}},"line":36}},"branchMap":{"0":{"loc":{"start":{"line":6,"column":4},"end":{"line":8,"column":5}},"type":"if","locations":[{"start":{"line":6,"column":4},"end":{"line":8,"column":5}},{"start":{},"end":{}}],"line":6},"1":{"loc":{"start":{"line":12,"column":4},"end":{"line":19,"column":5}},"type":"if","locations":[{"start":{"line":12,"column":4},"end":{"line":19,"column":5}},{"start":{},"end":{}}],"line":12}},"s":{"0":7,"1":5,"2":7,"3":0,"4":7,"5":7,"6":7,"7":13},"f":{"0":7,"1":7,"2":7,"3":7,"4":13},"b":{"0":[5,2],"1":[0,7]},"_coverageSchema":"1a1c01bbd47fc00a2c39e90264f33305004495a9","hash":"704f52d67e988e4989b7e2908590f05ddff1a1b3"}
,"/Users/melissagilv/Desktop/SEGA-Project-Atelier/src/components/RatingsReviews/ReviewsList.jsx": {"path":"/Users/melissagilv/Desktop/SEGA-Project-Atelier/src/components/RatingsReviews/ReviewsList.jsx","statementMap":{"0":{"start":{"line":5,"column":2},"end":{"line":11,"column":3}},"1":{"start":{"line":8,"column":8},"end":{"line":8,"column":61}}},"fnMap":{"0":{"name":"ReviewsList","decl":{"start":{"line":4,"column":9},"end":{"line":4,"column":20}},"loc":{"start":{"line":4,"column":35},"end":{"line":12,"column":1}},"line":4},"1":{"name":"(anonymous_1)","decl":{"start":{"line":7,"column":19},"end":{"line":7,"column":20}},"loc":{"start":{"line":8,"column":8},"end":{"line":8,"column":61}},"line":8}},"branchMap":{},"s":{"0":2,"1":7},"f":{"0":2,"1":7},"b":{},"_coverageSchema":"1a1c01bbd47fc00a2c39e90264f33305004495a9","hash":"7100321bf23929756e5e13c1abecb9fbdfe9044c"}
,"/Users/melissagilv/Desktop/SEGA-Project-Atelier/src/config/config.js": {"path":"/Users/melissagilv/Desktop/SEGA-Project-Atelier/src/config/config.js","statementMap":{"0":{"start":{"line":1,"column":14},"end":{"line":1,"column":56}}},"fnMap":{},"branchMap":{},"s":{"0":1},"f":{},"b":{},"_coverageSchema":"1a1c01bbd47fc00a2c39e90264f33305004495a9","hash":"599fb11b7351c37586d3768f997d1e15aea4d195"}
}
