TN:
SF:src/components/FullscreenModal.jsx
FN:5,(anonymous_0)
FN:10,(anonymous_1)
FN:17,(anonymous_2)
FN:18,(anonymous_3)
FN:43,(anonymous_4)
FN:52,(anonymous_5)
FN:54,(anonymous_6)
FN:55,(anonymous_7)
FN:87,(anonymous_8)
FN:89,(anonymous_9)
FN:90,(anonymous_10)
FN:115,(anonymous_11)
FNF:12
FNH:2
FNDA:1,(anonymous_0)
FNDA:2,(anonymous_1)
FNDA:0,(anonymous_2)
FNDA:0,(anonymous_3)
FNDA:0,(anonymous_4)
FNDA:0,(anonymous_5)
FNDA:0,(anonymous_6)
FNDA:0,(anonymous_7)
FNDA:0,(anonymous_8)
FNDA:0,(anonymous_9)
FNDA:0,(anonymous_10)
FNDA:0,(anonymous_11)
DA:6,1
DA:7,1
DA:11,2
DA:12,0
DA:13,0
DA:18,0
DA:19,0
DA:20,0
DA:22,0
DA:23,0
DA:43,0
DA:48,0
DA:49,0
DA:52,0
DA:55,0
DA:56,0
DA:57,0
DA:59,0
DA:60,0
DA:84,0
DA:87,0
DA:90,0
DA:91,0
DA:92,0
DA:94,0
DA:95,0
DA:115,0
DA:120,2
LF:28
LH:4
BRDA:11,0,0,0
BRDA:11,0,1,2
BRDA:12,1,0,0
BRDA:12,1,1,0
BRDA:19,2,0,0
BRDA:19,2,1,0
BRDA:22,3,0,0
BRDA:22,3,1,0
BRDA:48,4,0,0
BRDA:48,4,1,0
BRDA:56,5,0,0
BRDA:56,5,1,0
BRDA:59,6,0,0
BRDA:59,6,1,0
BRDA:91,7,0,0
BRDA:91,7,1,0
BRDA:94,8,0,0
BRDA:94,8,1,0
BRF:18
BRH:1
end_of_record
TN:
SF:src/components/Gallery.jsx
FN:7,(anonymous_0)
FN:14,(anonymous_1)
FN:20,(anonymous_2)
FN:24,(anonymous_3)
FN:27,(anonymous_4)
FNF:5
FNH:4
FNDA:1,(anonymous_0)
FNDA:4,(anonymous_1)
FNDA:0,(anonymous_2)
FNDA:2,(anonymous_3)
FNDA:4,(anonymous_4)
DA:8,1
DA:9,1
DA:15,4
DA:16,2
DA:21,0
DA:25,2
DA:28,4
LF:7
LH:6
BRDA:15,0,0,2
BRDA:15,0,1,2
BRF:2
BRH:2
end_of_record
TN:
SF:src/components/MiniGallery.jsx
FN:5,(anonymous_0)
FN:13,(anonymous_1)
FN:19,(anonymous_2)
FN:30,(anonymous_3)
FN:35,(anonymous_4)
FN:42,(anonymous_5)
FN:44,(anonymous_6)
FN:50,(anonymous_7)
FN:51,(anonymous_8)
FN:57,(anonymous_9)
FN:58,(anonymous_10)
FN:60,(anonymous_11)
FNF:12
FNH:5
FNDA:1,(anonymous_0)
FNDA:2,(anonymous_1)
FNDA:1,(anonymous_2)
FNDA:3,(anonymous_3)
FNDA:2,(anonymous_4)
FNDA:0,(anonymous_5)
FNDA:0,(anonymous_6)
FNDA:0,(anonymous_7)
FNDA:0,(anonymous_8)
FNDA:0,(anonymous_9)
FNDA:0,(anonymous_10)
FNDA:0,(anonymous_11)
DA:6,1
DA:7,1
DA:14,2
DA:15,1
DA:20,1
DA:21,1
DA:22,1
DA:23,1
DA:25,0
DA:26,0
DA:31,3
DA:32,3
DA:33,3
DA:36,2
DA:40,0
DA:43,0
DA:44,0
DA:47,0
DA:48,0
DA:50,0
DA:52,0
DA:55,0
DA:57,0
DA:59,0
DA:60,0
LF:25
LH:12
BRDA:14,0,0,1
BRDA:14,0,1,1
BRDA:19,1,0,1
BRDA:21,2,0,1
BRDA:21,2,1,0
BRDA:31,3,0,3
BRDA:31,3,1,0
BRDA:32,4,0,3
BRDA:32,4,1,0
BRDA:47,5,0,0
BRDA:47,5,1,0
BRF:11
BRH:6
end_of_record
TN:
SF:src/components/MiniPhoto.jsx
FN:3,(anonymous_0)
FN:21,(anonymous_1)
FNF:2
FNH:1
FNDA:2,(anonymous_0)
FNDA:0,(anonymous_1)
DA:3,1
DA:4,2
DA:5,1
DA:15,1
DA:22,0
DA:23,0
DA:25,0
DA:26,0
LF:8
LH:4
BRDA:4,0,0,1
BRDA:4,0,1,1
BRDA:22,1,0,0
BRDA:22,1,1,0
BRDA:25,2,0,0
BRDA:25,2,1,0
BRF:6
BRH:2
end_of_record
TN:
SF:src/components/Overview.jsx
FN:13,(anonymous_0)
FN:130,(anonymous_1)
FN:134,(anonymous_2)
FN:137,(anonymous_3)
FN:141,(anonymous_4)
FN:148,(anonymous_5)
FN:164,(anonymous_6)
FN:187,(anonymous_7)
FN:193,(anonymous_8)
FN:208,(anonymous_9)
FN:213,(anonymous_10)
FN:217,(anonymous_11)
FN:224,(anonymous_12)
FN:244,(anonymous_13)
FNF:14
FNH:9
FNDA:1,(anonymous_0)
FNDA:1,(anonymous_1)
FNDA:1,(anonymous_2)
FNDA:1,(anonymous_3)
FNDA:1,(anonymous_4)
FNDA:1,(anonymous_5)
FNDA:0,(anonymous_6)
FNDA:1,(anonymous_7)
FNDA:0,(anonymous_8)
FNDA:0,(anonymous_9)
FNDA:0,(anonymous_10)
FNDA:0,(anonymous_11)
FNDA:2,(anonymous_12)
FNDA:4,(anonymous_13)
DA:14,1
DA:15,1
DA:16,1
DA:131,1
DA:132,1
DA:135,1
DA:138,1
DA:142,1
DA:143,1
DA:144,6
DA:146,1
DA:150,1
DA:151,1
DA:152,1
DA:153,5
DA:154,5
DA:156,1
DA:157,1
DA:158,1
DA:159,1
DA:166,0
DA:167,0
DA:168,0
DA:170,0
DA:171,0
DA:172,0
DA:174,0
DA:175,0
DA:176,0
DA:177,0
DA:180,0
DA:181,0
DA:184,0
DA:188,1
DA:189,1
DA:194,0
DA:195,0
DA:196,0
DA:197,0
DA:198,0
DA:199,0
DA:200,0
DA:205,0
DA:209,0
DA:210,0
DA:214,0
DA:218,0
DA:219,0
DA:220,0
DA:225,2
DA:245,4
LF:51
LH:24
BRDA:131,0,0,1
BRDA:131,0,1,0
BRDA:166,1,0,0
BRDA:166,1,1,0
BRDA:170,2,0,0
BRDA:170,2,1,0
BRDA:175,3,0,0
BRDA:175,3,1,0
BRDA:180,4,0,0
BRDA:180,4,1,0
BRDA:188,5,0,1
BRDA:188,5,1,0
BRDA:197,6,0,0
BRDA:197,6,1,0
BRDA:199,7,0,0
BRDA:199,7,1,0
BRDA:219,8,0,0
BRDA:219,8,1,0
BRDA:219,9,0,0
BRDA:219,9,1,0
BRF:20
BRH:2
end_of_record
TN:
SF:src/components/OverviewSelectors.jsx
FN:3,(anonymous_0)
FN:9,(anonymous_1)
FN:11,(anonymous_2)
FN:16,(anonymous_3)
FN:18,(anonymous_4)
FN:24,(anonymous_5)
FN:36,(anonymous_6)
FN:38,(anonymous_7)
FN:48,(anonymous_8)
FNF:9
FNH:1
FNDA:2,(anonymous_0)
FNDA:0,(anonymous_1)
FNDA:0,(anonymous_2)
FNDA:0,(anonymous_3)
FNDA:0,(anonymous_4)
FNDA:0,(anonymous_5)
FNDA:0,(anonymous_6)
FNDA:0,(anonymous_7)
FNDA:0,(anonymous_8)
DA:3,1
DA:4,2
DA:5,0
DA:9,0
DA:12,0
DA:16,0
DA:19,0
DA:24,0
DA:31,2
DA:36,0
DA:39,0
DA:48,0
LF:12
LH:3
BRDA:4,0,0,0
BRDA:4,0,1,2
BRF:2
BRH:1
end_of_record
TN:
SF:src/components/Photo.jsx
FN:4,(anonymous_0)
FN:13,(anonymous_1)
FN:14,(anonymous_2)
FN:21,(anonymous_3)
FN:26,(anonymous_4)
FN:32,(anonymous_5)
FN:37,(anonymous_6)
FN:38,(anonymous_7)
FNF:8
FNH:1
FNDA:4,(anonymous_0)
FNDA:0,(anonymous_1)
FNDA:0,(anonymous_2)
FNDA:0,(anonymous_3)
FNDA:0,(anonymous_4)
FNDA:0,(anonymous_5)
FNDA:0,(anonymous_6)
FNDA:0,(anonymous_7)
DA:4,1
DA:5,4
DA:6,2
DA:7,2
DA:13,0
DA:14,0
DA:18,0
DA:19,0
DA:21,0
DA:26,0
DA:30,0
DA:32,0
DA:37,0
DA:38,0
DA:42,2
LF:15
LH:5
BRDA:5,0,0,2
BRDA:5,0,1,2
BRDA:6,1,0,2
BRDA:6,1,1,0
BRDA:18,2,0,0
BRDA:18,2,1,0
BRF:6
BRH:3
end_of_record
TN:
SF:src/components/ProductInfo.jsx
FN:3,(anonymous_0)
FN:11,(anonymous_1)
FN:21,(anonymous_2)
FNF:3
FNH:1
FNDA:2,(anonymous_0)
FNDA:0,(anonymous_1)
FNDA:0,(anonymous_2)
DA:3,1
DA:4,2
DA:5,2
DA:6,0
DA:8,2
DA:9,2
DA:11,0
DA:19,0
DA:21,0
LF:9
LH:5
BRDA:8,0,0,2
BRDA:8,0,1,0
BRF:2
BRH:1
end_of_record
TN:
SF:src/components/StyleSelector.jsx
FN:3,(anonymous_0)
FN:7,(anonymous_1)
FN:14,(anonymous_2)
FN:20,(anonymous_3)
FNF:4
FNH:2
FNDA:2,(anonymous_0)
FNDA:4,(anonymous_1)
FNDA:0,(anonymous_2)
FNDA:0,(anonymous_3)
DA:3,1
DA:4,2
DA:8,4
DA:9,2
DA:14,0
DA:15,2
DA:20,0
LF:7
LH:5
BRDA:8,0,0,2
BRDA:8,0,1,2
BRF:2
BRH:2
end_of_record
TN:
SF:src/components/Related/ComparisonModal.jsx
FN:6,(anonymous_0)
FN:14,(anonymous_1)
FN:18,(anonymous_2)
FN:32,(anonymous_3)
FN:44,(anonymous_4)
FN:56,(anonymous_5)
FNF:6
FNH:0
FNDA:0,(anonymous_0)
FNDA:0,(anonymous_1)
FNDA:0,(anonymous_2)
FNDA:0,(anonymous_3)
FNDA:0,(anonymous_4)
FNDA:0,(anonymous_5)
DA:7,0
DA:8,0
DA:15,0
DA:16,0
DA:19,0
DA:20,0
DA:21,0
DA:22,0
DA:23,0
DA:27,0
DA:33,0
DA:34,0
DA:35,0
DA:36,0
DA:38,0
DA:41,0
DA:45,0
DA:46,0
DA:57,0
DA:69,0
LF:20
LH:0
BRDA:15,0,0,0
BRDA:15,0,1,0
BRDA:22,1,0,0
BRDA:22,1,1,0
BRDA:34,2,0,0
BRDA:34,2,1,0
BRDA:35,3,0,0
BRDA:35,3,1,0
BRDA:45,4,0,0
BRDA:45,4,1,0
BRF:10
BRH:0
end_of_record
TN:
SF:src/components/Related/Outfit.jsx
FN:3,(anonymous_0)
FN:18,(anonymous_1)
FN:40,(anonymous_2)
FN:41,(anonymous_3)
FN:42,(anonymous_4)
FN:42,(anonymous_5)
FN:56,(anonymous_6)
FN:57,(anonymous_7)
FNF:8
FNH:0
FNDA:0,(anonymous_0)
FNDA:0,(anonymous_1)
FNDA:0,(anonymous_2)
FNDA:0,(anonymous_3)
FNDA:0,(anonymous_4)
FNDA:0,(anonymous_5)
FNDA:0,(anonymous_6)
FNDA:0,(anonymous_7)
DA:3,1
DA:4,0
DA:5,0
DA:6,0
DA:8,0
DA:9,0
DA:10,0
DA:11,0
DA:12,0
DA:14,0
DA:15,0
DA:18,0
DA:37,0
DA:38,0
DA:40,0
DA:41,0
DA:42,0
DA:54,0
DA:56,0
DA:57,0
DA:75,0
LF:21
LH:1
BRDA:8,0,0,0
BRDA:8,0,1,0
BRDA:8,1,0,0
BRDA:8,1,1,0
BRDA:11,2,0,0
BRDA:11,2,1,0
BRDA:14,3,0,0
BRDA:14,3,1,0
BRDA:37,4,0,0
BRDA:37,4,1,0
BRF:10
BRH:0
end_of_record
TN:
SF:src/components/Related/Related.jsx
FN:9,(anonymous_0)
FN:23,(anonymous_1)
FN:30,(anonymous_2)
FN:35,(anonymous_3)
FN:43,(anonymous_4)
FN:56,(anonymous_5)
FN:66,(anonymous_6)
FN:69,(anonymous_7)
FN:79,(anonymous_8)
FN:96,(anonymous_9)
FN:105,(anonymous_10)
FN:115,(anonymous_11)
FN:121,(anonymous_12)
FN:138,(anonymous_13)
FNF:14
FNH:10
FNDA:1,(anonymous_0)
FNDA:1,(anonymous_1)
FNDA:1,(anonymous_2)
FNDA:1,(anonymous_3)
FNDA:1,(anonymous_4)
FNDA:1,(anonymous_5)
FNDA:1,(anonymous_6)
FNDA:1,(anonymous_7)
FNDA:1,(anonymous_8)
FNDA:0,(anonymous_9)
FNDA:0,(anonymous_10)
FNDA:2,(anonymous_11)
FNDA:0,(anonymous_12)
FNDA:0,(anonymous_13)
DA:10,1
DA:11,1
DA:24,1
DA:25,0
DA:27,1
DA:28,1
DA:31,1
DA:32,1
DA:33,1
DA:36,1
DA:37,1
DA:38,0
DA:41,1
DA:44,1
DA:45,1
DA:46,0
DA:47,0
DA:48,0
DA:49,0
DA:53,1
DA:54,1
DA:57,1
DA:58,1
DA:59,0
DA:64,1
DA:67,1
DA:70,1
DA:71,1
DA:72,0
DA:77,1
DA:80,1
DA:81,1
DA:82,0
DA:83,0
DA:84,0
DA:85,0
DA:86,0
DA:87,0
DA:89,0
DA:91,1
DA:97,0
DA:98,0
DA:99,0
DA:102,0
DA:106,0
DA:107,0
DA:108,0
DA:109,0
DA:110,0
DA:111,0
DA:112,0
DA:116,2
DA:117,0
DA:122,0
DA:139,0
DA:145,2
LF:56
LH:27
BRDA:24,0,0,0
BRDA:24,0,1,1
BRDA:27,1,0,1
BRDA:27,1,1,0
BRDA:48,2,0,0
BRDA:48,2,1,0
BRDA:98,3,0,0
BRDA:98,3,1,0
BRDA:116,4,0,0
BRDA:116,4,1,2
BRF:10
BRH:3
end_of_record
TN:
SF:src/components/Related/RelatedCarousel.jsx
FN:5,(anonymous_0)
FN:12,(anonymous_1)
FN:18,(anonymous_2)
FN:29,(anonymous_3)
FN:36,(anonymous_4)
FN:49,(anonymous_5)
FN:53,(anonymous_6)
FN:62,(anonymous_7)
FN:64,(anonymous_8)
FN:75,(anonymous_9)
FN:77,(anonymous_10)
FN:81,(anonymous_11)
FNF:12
FNH:0
FNDA:0,(anonymous_0)
FNDA:0,(anonymous_1)
FNDA:0,(anonymous_2)
FNDA:0,(anonymous_3)
FNDA:0,(anonymous_4)
FNDA:0,(anonymous_5)
FNDA:0,(anonymous_6)
FNDA:0,(anonymous_7)
FNDA:0,(anonymous_8)
FNDA:0,(anonymous_9)
FNDA:0,(anonymous_10)
FNDA:0,(anonymous_11)
DA:6,0
DA:7,0
DA:13,0
DA:14,0
DA:19,0
DA:20,0
DA:21,0
DA:22,0
DA:24,0
DA:25,0
DA:30,0
DA:31,0
DA:32,0
DA:37,0
DA:44,0
DA:45,0
DA:50,0
DA:53,0
DA:58,0
DA:59,0
DA:62,0
DA:65,0
DA:72,0
DA:75,0
DA:78,0
DA:81,0
DA:86,0
LF:27
LH:0
BRDA:13,0,0,0
BRDA:13,0,1,0
BRDA:13,1,0,0
BRDA:13,1,1,0
BRDA:18,2,0,0
BRDA:20,3,0,0
BRDA:20,3,1,0
BRDA:30,4,0,0
BRDA:30,4,1,0
BRDA:31,5,0,0
BRDA:31,5,1,0
BRDA:44,6,0,0
BRDA:44,6,1,0
BRDA:58,7,0,0
BRDA:58,7,1,0
BRF:15
BRH:0
end_of_record
TN:
SF:src/components/Related/RelatedCarouselPhoto.jsx
FN:3,(anonymous_0)
FN:5,(anonymous_1)
FNF:2
FNH:0
FNDA:0,(anonymous_0)
FNDA:0,(anonymous_1)
DA:3,1
DA:4,0
DA:6,0
DA:7,0
DA:9,0
DA:10,0
LF:6
LH:1
BRDA:6,0,0,0
BRDA:6,0,1,0
BRDA:9,1,0,0
BRDA:9,1,1,0
BRF:4
BRH:0
end_of_record
TN:
SF:src/components/Related/RelatedProduct.jsx
FN:6,(anonymous_0)
FN:15,(anonymous_1)
FN:19,(anonymous_2)
FN:23,(anonymous_3)
FN:30,(anonymous_4)
FN:35,(anonymous_5)
FN:43,(anonymous_6)
FN:52,(anonymous_7)
FNF:8
FNH:0
FNDA:0,(anonymous_0)
FNDA:0,(anonymous_1)
FNDA:0,(anonymous_2)
FNDA:0,(anonymous_3)
FNDA:0,(anonymous_4)
FNDA:0,(anonymous_5)
FNDA:0,(anonymous_6)
FNDA:0,(anonymous_7)
DA:7,0
DA:8,0
DA:16,0
DA:20,0
DA:24,0
DA:25,0
DA:26,0
DA:31,0
DA:32,0
DA:36,0
DA:37,0
DA:38,0
DA:40,0
DA:44,0
DA:45,0
DA:46,0
DA:47,0
DA:48,0
DA:50,0
DA:51,0
DA:52,0
DA:77,0
DA:78,0
DA:101,0
DA:125,0
LF:25
LH:0
BRDA:25,0,0,0
BRDA:25,0,1,0
BRDA:25,1,0,0
BRDA:25,1,1,0
BRDA:44,2,0,0
BRDA:44,2,1,0
BRDA:44,3,0,0
BRDA:44,3,1,0
BRDA:47,4,0,0
BRDA:47,4,1,0
BRDA:50,5,0,0
BRDA:50,5,1,0
BRDA:77,6,0,0
BRDA:77,6,1,0
BRF:14
BRH:0
end_of_record
TN:
SF:src/config/config.js
FNF:0
FNH:0
DA:1,1
LF:1
LH:1
BRF:0
BRH:0
end_of_record
