TN:
SF:src/components/ProductInfo.jsx
FN:3,(anonymous_0)
FNF:1
FNH:1
FNDA:1,(anonymous_0)
DA:3,1
DA:4,1
DA:5,0
DA:15,1
LF:4
LH:3
BRDA:4,0,0,0
BRDA:4,0,1,1
BRF:2
BRH:1
end_of_record
TN:
SF:src/components/RatingsReviews/AddReview.jsx
FN:6,(anonymous_0)
FN:48,(anonymous_1)
FN:54,(anonymous_2)
FN:65,(anonymous_3)
FN:75,(anonymous_4)
FN:94,(anonymous_5)
FN:108,(anonymous_6)
FN:126,(anonymous_7)
FN:129,(anonymous_8)
FN:154,(anonymous_9)
FN:155,(anonymous_10)
FN:159,(anonymous_11)
FN:187,(anonymous_12)
FN:219,(anonymous_13)
FNF:14
FNH:8
FNDA:2,(anonymous_0)
FNDA:47,(anonymous_1)
FNDA:1,(anonymous_2)
FNDA:46,(anonymous_3)
FNDA:105,(anonymous_4)
FNDA:0,(anonymous_5)
FNDA:46,(anonymous_6)
FNDA:0,(anonymous_7)
FNDA:0,(anonymous_8)
FNDA:0,(anonymous_9)
FNDA:0,(anonymous_10)
FNDA:49,(anonymous_11)
FNDA:230,(anonymous_12)
FNDA:0,(anonymous_13)
DA:7,2
DA:9,2
DA:11,2
DA:23,2
DA:32,2
DA:34,2
DA:40,2
DA:41,2
DA:42,2
DA:43,2
DA:44,2
DA:45,2
DA:49,47
DA:50,1
DA:56,1
DA:57,0
DA:59,1
DA:61,1
DA:62,1
DA:66,46
DA:67,46
DA:68,46
DA:70,0
DA:72,46
DA:77,105
DA:78,105
DA:79,105
DA:80,1
DA:81,1
DA:82,104
DA:83,44
DA:84,44
DA:85,60
DA:86,0
DA:87,0
DA:88,0
DA:90,60
DA:95,0
DA:96,0
DA:97,0
DA:98,0
DA:99,0
DA:100,0
DA:102,0
DA:104,0
DA:109,46
DA:110,46
DA:111,46
DA:112,184
DA:113,184
DA:114,920
DA:122,46
DA:127,0
DA:128,0
DA:129,0
DA:130,0
DA:132,0
DA:133,0
DA:134,0
DA:135,0
DA:137,0
DA:138,0
DA:141,0
DA:142,0
DA:143,0
DA:145,0
DA:154,0
DA:155,0
DA:160,49
DA:161,45
DA:162,45
DA:166,49
DA:167,49
DA:169,0
DA:172,49
DA:173,3
DA:175,46
DA:188,230
DA:220,0
LF:79
LH:48
BRDA:49,0,0,1
BRDA:49,0,1,46
BRDA:56,1,0,0
BRDA:56,1,1,1
BRDA:66,2,0,46
BRDA:66,2,1,0
BRDA:79,3,0,1
BRDA:79,3,1,104
BRDA:82,4,0,44
BRDA:82,4,1,60
BRDA:85,5,0,0
BRDA:85,5,1,60
BRDA:96,6,0,0
BRDA:96,6,1,0
BRDA:110,7,0,46
BRDA:110,7,1,0
BRDA:133,8,0,0
BRDA:133,8,1,0
BRDA:137,9,0,0
BRDA:137,9,1,0
BRDA:160,10,0,45
BRDA:160,10,1,4
BRDA:166,11,0,49
BRDA:166,11,1,0
BRDA:172,12,0,3
BRDA:172,12,1,46
BRDA:191,13,0,45
BRDA:191,13,1,185
BRF:28
BRH:17
end_of_record
TN:
SF:src/components/RatingsReviews/Characteristic.jsx
FN:3,Characteristic
FN:25,(anonymous_1)
FNF:2
FNH:2
FNDA:16,Characteristic
FNDA:40,(anonymous_1)
DA:5,16
DA:14,16
DA:16,16
DA:26,40
LF:4
LH:4
BRF:0
BRH:0
end_of_record
TN:
SF:src/components/RatingsReviews/ProductBreakdown.jsx
FN:4,ProductBreakdown
FN:6,createCharacteristicRange
FN:8,(anonymous_2)
FNF:3
FNH:3
FNDA:4,ProductBreakdown
FNDA:4,createCharacteristicRange
FNDA:16,(anonymous_2)
DA:7,4
DA:8,4
DA:9,16
DA:14,4
LF:4
LH:4
BRDA:7,0,0,4
BRDA:7,0,1,0
BRF:2
BRH:1
end_of_record
TN:
SF:src/components/RatingsReviews/RatingBreakdown.jsx
FN:4,RatingBreakdown
FN:6,avgRating
FN:16,recPercentage
FN:41,starPercentage
FN:59,(anonymous_4)
FNF:5
FNH:5
FNDA:4,RatingBreakdown
FNDA:4,avgRating
FNDA:4,recPercentage
FNDA:4,starPercentage
FNDA:20,(anonymous_4)
DA:7,4
DA:8,4
DA:9,4
DA:10,18
DA:11,18
DA:13,4
DA:17,4
DA:18,4
DA:19,4
DA:20,7
DA:21,4
DA:22,4
DA:24,3
DA:27,4
DA:31,4
DA:32,4
DA:33,4
DA:42,4
DA:43,18
DA:44,18
DA:46,4
DA:47,20
DA:51,4
DA:60,20
LF:24
LH:24
BRDA:20,0,0,4
BRDA:20,0,1,3
BRF:2
BRH:2
end_of_record
TN:
SF:src/components/RatingsReviews/RatingsReviews.jsx
FN:11,(anonymous_0)
FN:22,(anonymous_1)
FN:32,(anonymous_2)
FN:36,(anonymous_3)
FN:41,(anonymous_4)
FN:52,(anonymous_5)
FN:55,(anonymous_6)
FN:59,(anonymous_7)
FN:63,(anonymous_8)
FNF:9
FNH:4
FNDA:2,(anonymous_0)
FNDA:2,(anonymous_1)
FNDA:0,(anonymous_2)
FNDA:0,(anonymous_3)
FNDA:0,(anonymous_4)
FNDA:0,(anonymous_5)
FNDA:0,(anonymous_6)
FNDA:1,(anonymous_7)
FNDA:4,(anonymous_8)
DA:8,2
DA:12,2
DA:13,2
DA:18,2
DA:19,2
DA:23,2
DA:24,1
DA:33,0
DA:34,0
DA:37,0
DA:42,0
DA:43,0
DA:44,0
DA:45,0
DA:53,0
DA:56,0
DA:60,1
DA:64,4
LF:18
LH:9
BRDA:23,0,0,1
BRDA:23,0,1,1
BRF:2
BRH:2
end_of_record
TN:
SF:src/components/RatingsReviews/ReviewTile.jsx
FN:3,ReviewTile
FN:5,reviewerRec
FN:11,sellerResponse
FN:22,formatDate
FN:38,(anonymous_4)
FNF:5
FNH:0
FNDA:0,ReviewTile
FNDA:0,reviewerRec
FNDA:0,sellerResponse
FNDA:0,formatDate
FNDA:0,(anonymous_4)
DA:6,0
DA:7,0
DA:12,0
DA:13,0
DA:23,0
DA:24,0
DA:27,0
DA:39,0
LF:8
LH:0
BRDA:6,0,0,0
BRDA:6,0,1,0
BRDA:12,1,0,0
BRDA:12,1,1,0
BRF:4
BRH:0
end_of_record
TN:
SF:src/components/RatingsReviews/ReviewsList.jsx
FN:4,ReviewsList
FN:7,(anonymous_1)
FNF:2
FNH:1
FNDA:4,ReviewsList
FNDA:0,(anonymous_1)
DA:5,4
DA:8,0
LF:2
LH:1
BRF:0
BRH:0
end_of_record
TN:
SF:src/config/config.js
FNF:0
FNH:0
DA:1,2
DA:3,2
LF:2
LH:2
BRF:0
BRH:0
end_of_record
